[debug] [2023-12-03T02:39:24.428Z] ----------------------------------------------------------------------
[debug] [2023-12-03T02:39:24.430Z] Command:       H:\Program Files (x86)\Node\node.exe I:\src\modulo-ocho\DESAFIO M8\node_modules\firebase-tools\lib\bin\firebase.js init
[debug] [2023-12-03T02:39:24.430Z] CLI Version:   12.9.1
[debug] [2023-12-03T02:39:24.431Z] Platform:      win32
[debug] [2023-12-03T02:39:24.431Z] Node Version:  v18.16.0
[debug] [2023-12-03T02:39:24.432Z] Time:          Sat Dec 02 2023 23:39:24 GMT-0300 (hora estándar de Argentina)
[debug] [2023-12-03T02:39:24.432Z] ----------------------------------------------------------------------
[debug] 
[debug] [2023-12-03T02:39:24.434Z] >>> [apiv2][query] GET https://firebase-public.firebaseio.com/cli.json [none]
[debug] [2023-12-03T02:39:24.477Z] > command requires scopes: ["email","openid","https://www.googleapis.com/auth/cloudplatformprojects.readonly","https://www.googleapis.com/auth/firebase","https://www.googleapis.com/auth/cloud-platform"]
[debug] [2023-12-03T02:39:24.477Z] > authorizing via signed-in user (cynthiaperezdaubert@gmail.com)
[info] 
     ######## #### ########  ######## ########     ###     ######  ########
     ##        ##  ##     ## ##       ##     ##  ##   ##  ##       ##
     ######    ##  ########  ######   ########  #########  ######  ######
     ##        ##  ##    ##  ##       ##     ## ##     ##       ## ##
     ##       #### ##     ## ######## ########  ##     ##  ######  ########

You're about to initialize a Firebase project in this directory:

  I:\src\modulo-ocho\DESAFIO M8

[debug] [2023-12-03T02:39:24.836Z] <<< [apiv2][status] GET https://firebase-public.firebaseio.com/cli.json 200
[debug] [2023-12-03T02:39:24.837Z] <<< [apiv2][body] GET https://firebase-public.firebaseio.com/cli.json {"cloudBuildErrorAfter":1594252800000,"cloudBuildWarnAfter":1590019200000,"defaultNode10After":1594252800000,"minVersion":"3.0.5","node8DeploysDisabledAfter":1613390400000,"node8RuntimeDisabledAfter":1615809600000,"node8WarnAfter":1600128000000}
[info] 
=== Project Setup
[info] 
[info] First, let's associate this project directory with a Firebase project.
[info] You can create multiple project aliases by running firebase use --add, 
[info] but for now we'll just set up a default project.
[info] 
[debug] [2023-12-03T02:41:04.509Z] > refreshing access token with scopes: []
[debug] [2023-12-03T02:41:04.510Z] >>> [apiv2][query] POST https://www.googleapis.com/oauth2/v3/token [none]
[debug] [2023-12-03T02:41:04.510Z] >>> [apiv2][body] POST https://www.googleapis.com/oauth2/v3/token [omitted]
[debug] [2023-12-03T02:41:04.604Z] <<< [apiv2][status] POST https://www.googleapis.com/oauth2/v3/token 200
[debug] [2023-12-03T02:41:04.604Z] <<< [apiv2][body] POST https://www.googleapis.com/oauth2/v3/token [omitted]
[debug] [2023-12-03T02:41:04.658Z] >>> [apiv2][query] GET https://firebase.googleapis.com/v1beta1/projects pageSize=100
[debug] [2023-12-03T02:41:05.455Z] <<< [apiv2][status] GET https://firebase.googleapis.com/v1beta1/projects 200
[debug] [2023-12-03T02:41:05.455Z] <<< [apiv2][body] GET https://firebase.googleapis.com/v1beta1/projects [omitted]
[info] i  Using project desafio-m8-e7ec6 (desafio-m8) 
[info] 
=== Hosting Setup
[debug] [2023-12-03T02:41:13.799Z] >>> [apiv2][query] GET https://firebase.googleapis.com/v1beta1/projects/desafio-m8-e7ec6 [none]
[debug] [2023-12-03T02:41:14.117Z] <<< [apiv2][status] GET https://firebase.googleapis.com/v1beta1/projects/desafio-m8-e7ec6 200
[debug] [2023-12-03T02:41:14.117Z] <<< [apiv2][body] GET https://firebase.googleapis.com/v1beta1/projects/desafio-m8-e7ec6 {"projectId":"desafio-m8-e7ec6","projectNumber":"392210603354","displayName":"desafio-m8","name":"projects/desafio-m8-e7ec6","resources":{"hostingSite":"desafio-m8-e7ec6"},"state":"ACTIVE","etag":"1_36f386fa-5031-40f2-8e15-e2d1f3d85e8a"}
[info] 
[info] Your public directory is the folder (relative to your project directory) that
[info] will contain Hosting assets to be uploaded with firebase deploy. If you
[info] have a build process for your assets, use your build's output directory.
[info] 
[debug] [2023-12-03T02:44:11.380Z] >>> [apiv2][query] GET https://www.gstatic.com/firebasejs/releases.json [none]
[debug] [2023-12-03T02:44:11.445Z] <<< [apiv2][status] GET https://www.gstatic.com/firebasejs/releases.json 200
[debug] [2023-12-03T02:44:11.445Z] <<< [apiv2][body] GET https://www.gstatic.com/firebasejs/releases.json {"current":{"version":"10.7.0","browserURL":"https://www.gstatic.com/firebasejs/10.7.0/firebase.js","packageURL":"https://www.gstatic.com/firebasejs/10.7.0/firebase.tgz"},"live":{"version":"10.7","browserURL":"https://www.gstatic.com/firebasejs/live/10.7/firebase.js","packageURL":"https://www.gstatic.com/firebasejs/live/10.7/firebase.tgz"},"components":{"analytics":"https://www.gstatic.com/firebasejs/10.7.0/firebase-analytics.js","app":"https://www.gstatic.com/firebasejs/10.7.0/firebase-app.js","app-check":"https://www.gstatic.com/firebasejs/10.7.0/firebase-app-check.js","auth":"https://www.gstatic.com/firebasejs/10.7.0/firebase-auth.js","auth/cordova":"https://www.gstatic.com/firebasejs/10.7.0/firebase-auth/cordova.js","functions":"https://www.gstatic.com/firebasejs/10.7.0/firebase-functions.js","firestore":"https://www.gstatic.com/firebasejs/10.7.0/firebase-firestore.js","firestore/lite":"https://www.gstatic.com/firebasejs/10.7.0/firebase-firestore/lite.js","installations":"https://www.gstatic.com/firebasejs/10.7.0/firebase-installations.js","storage":"https://www.gstatic.com/firebasejs/10.7.0/firebase-storage.js","performance":"https://www.gstatic.com/firebasejs/10.7.0/firebase-performance.js","remote-config":"https://www.gstatic.com/firebasejs/10.7.0/firebase-remote-config.js","messaging":"https://www.gstatic.com/firebasejs/10.7.0/firebase-messaging.js","messaging/sw":"https://www.gstatic.com/firebasejs/10.7.0/firebase-messaging/sw.js","database":"https://www.gstatic.com/firebasejs/10.7.0/firebase-database.js","firestore.memory":"https://www.gstatic.com/firebasejs/10.7.0/firebase-firestore.memory.js"}}
[info] i  Skipping write of ./index.html 
[info] 
[info] i  Didn't detect a .git folder. Assuming I:\src\modulo-ocho\DESAFIO M8 is the project root. 
[info] i  Authorizing with GitHub to upload your service account to a GitHub repository's secrets store. 
[info] 
[info] Visit this URL on this device to log in:
[info] https://github.com/login/oauth/authorize?client_id=89cf50f02ac6aaed3484&state=995376992&redirect_uri=http%3A%2F%2Flocalhost%3A9005&scope=read%3Auser%20repo%20public_repo
[info] 
[info] Waiting for authentication...
[debug] [2023-12-03T02:44:17.647Z] >>> [apiv2][query] POST https://github.com/login/oauth/access_token [none]
[debug] [2023-12-03T02:44:17.647Z] >>> [apiv2][body] POST https://github.com/login/oauth/access_token [stream]
[debug] [2023-12-03T02:44:17.983Z] <<< [apiv2][status] POST https://github.com/login/oauth/access_token 200
[debug] [2023-12-03T02:44:17.983Z] <<< [apiv2][body] POST https://github.com/login/oauth/access_token {"access_token":"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","token_type":"bearer","scope":"read:user,repo"}
[debug] [2023-12-03T02:44:17.995Z] >>> [apiv2][query] GET https://api.github.com/user [none]
[debug] [2023-12-03T02:44:18.347Z] <<< [apiv2][status] GET https://api.github.com/user 200
[debug] [2023-12-03T02:44:18.347Z] <<< [apiv2][body] GET https://api.github.com/user {"login":"cynthiadaubert","id":81592772,"node_id":"MDQ6VXNlcjgxNTkyNzcy","avatar_url":"https://avatars.githubusercontent.com/u/81592772?v=4","gravatar_id":"","url":"https://api.github.com/users/cynthiadaubert","html_url":"https://github.com/cynthiadaubert","followers_url":"https://api.github.com/users/cynthiadaubert/followers","following_url":"https://api.github.com/users/cynthiadaubert/following{/other_user}","gists_url":"https://api.github.com/users/cynthiadaubert/gists{/gist_id}","starred_url":"https://api.github.com/users/cynthiadaubert/starred{/owner}{/repo}","subscriptions_url":"https://api.github.com/users/cynthiadaubert/subscriptions","organizations_url":"https://api.github.com/users/cynthiadaubert/orgs","repos_url":"https://api.github.com/users/cynthiadaubert/repos","events_url":"https://api.github.com/users/cynthiadaubert/events{/privacy}","received_events_url":"https://api.github.com/users/cynthiadaubert/received_events","type":"User","site_admin":false,"name":null,"company":null,"blog":"","location":null,"email":null,"hireable":null,"bio":null,"twitter_username":null,"public_repos":26,"public_gists":6,"followers":1,"following":0,"created_at":"2021-03-29T21:15:24Z","updated_at":"2023-11-27T20:59:23Z","private_gists":0,"total_private_repos":4,"owned_private_repos":4,"disk_usage":21061,"collaborators":0,"two_factor_authentication":false,"plan":{"name":"free","space":976562499,"collaborators":0,"private_repos":10000}}
[info] 
[info] +  Success! Logged into GitHub as cynthiadaubert 
[info] 
